[debug] ----------------------------------------------------------------------
[debug] Command:      C:\Program Files\nodejs\node.exe C:\Users\NAGARAJ SRJ\AppData\Roaming\npm\node_modules\firebase-tools\bin\firebase deploy
[debug] CLI Version:  3.9.0
[debug] Platform:     win32
[debug] Node Version: v6.6.0
[debug] Time:         Sat May 20 2017 21:00:03 GMT+0530 (India Standard Time)
[debug] ----------------------------------------------------------------------
[debug] 
[debug] > command requires scopes: ["email","openid","https://www.googleapis.com/auth/cloudplatformprojects.readonly","https://www.googleapis.com/auth/firebase","https://www.googleapis.com/auth/cloud-platform"]
[debug] > refreshing access token with scopes: ["email","https://www.googleapis.com/auth/cloud-platform","https://www.googleapis.com/auth/cloudplatformprojects.readonly","https://www.googleapis.com/auth/firebase","openid"]
[debug] >>> HTTP REQUEST POST https://www.googleapis.com/oauth2/v3/token { refresh_token: '1/38dSb9JBZqeVa7apX7Qz6iNWOk70fw2_p7hrZnodDQ-xehevNNanbUZzvNNgk2Wn',
  client_id: '563584335869-fgrhgmd47bqnekij5i8b5pr03ho849e6.apps.googleusercontent.com',
  client_secret: 'j9iVZfS8kkCEFUPaAeJV0sAi',
  grant_type: 'refresh_token',
  scope: 'email https://www.googleapis.com/auth/cloud-platform https://www.googleapis.com/auth/cloudplatformprojects.readonly https://www.googleapis.com/auth/firebase openid' } 
 Sat May 20 2017 21:00:03 GMT+0530 (India Standard Time)
[debug] <<< HTTP RESPONSE 200
[debug] >>> HTTP REQUEST GET https://admin.firebase.com/v1/projects/lightening-apps  
 Sat May 20 2017 21:00:03 GMT+0530 (India Standard Time)
[debug] <<< HTTP RESPONSE 200
[debug] >>> HTTP REQUEST GET https://admin.firebase.com/v1/database/lightening-apps/tokens  
 Sat May 20 2017 21:00:05 GMT+0530 (India Standard Time)
[debug] <<< HTTP RESPONSE 200
[info] 
[info] === Deploying to 'lightening-apps'...
[info] 
[info] i  deploying functions
[debug] > [functions] package.json contents: {
  "name": "functions",
  "description": "Firebase Functions",
  "dependencies": {
    "nodemailer": "^2.4.1",
    "firebase-admin": "^4.1.1",
    "firebase-functions": "^0.5.1",
    "request-promise": "^2.0.0",
    "languages": "0.1.3"
  },
  "devDependencies": {
    "babel-cli": "^6.24.1"
  }
}
[info] i  functions: ensuring necessary APIs are enabled...
[info] i  runtimeconfig: ensuring necessary APIs are enabled...
[debug] >>> HTTP REQUEST GET https://servicemanagement.googleapis.com/v1/services/cloudfunctions.googleapis.com/projectSettings/lightening-apps?view=CONSUMER_VIEW  
 Sat May 20 2017 21:00:42 GMT+0530 (India Standard Time)
[debug] >>> HTTP REQUEST GET https://servicemanagement.googleapis.com/v1/services/runtimeconfig.googleapis.com/projectSettings/lightening-apps?view=CONSUMER_VIEW  
 Sat May 20 2017 21:00:42 GMT+0530 (India Standard Time)
[debug] <<< HTTP RESPONSE 200
[info] +  runtimeconfig: all necessary APIs are enabled
[debug] <<< HTTP RESPONSE 200
[info] +  functions: all necessary APIs are enabled
[debug] >>> HTTP REQUEST GET https://appengine.googleapis.com/v1/apps/lightening-apps  
 Sat May 20 2017 21:00:44 GMT+0530 (India Standard Time)
[debug] >>> HTTP REQUEST GET https://apikeys.googleapis.com/v1/projects/lightening-apps/apiKeys  
 Sat May 20 2017 21:00:44 GMT+0530 (India Standard Time)
[debug] <<< HTTP RESPONSE 200
[debug] <<< HTTP RESPONSE 200
[info] i  functions: preparing functions directory for uploading...
[debug] >>> HTTP REQUEST GET https://runtimeconfig.googleapis.com/v1beta1/projects/lightening-apps/configs  
 Sat May 20 2017 21:00:54 GMT+0530 (India Standard Time)
[debug] <<< HTTP RESPONSE 200
[debug] >>> HTTP REQUEST GET https://runtimeconfig.googleapis.com/v1beta1/projects/lightening-apps/configs/gmail/variables  
 Sat May 20 2017 21:00:54 GMT+0530 (India Standard Time)
[debug] <<< HTTP RESPONSE 200
[debug] >>> HTTP REQUEST GET https://runtimeconfig.googleapis.com/v1beta1/projects/lightening-apps/configs/gmail/variables/email  
 Sat May 20 2017 21:00:55 GMT+0530 (India Standard Time)
[debug] >>> HTTP REQUEST GET https://runtimeconfig.googleapis.com/v1beta1/projects/lightening-apps/configs/gmail/variables/password  
 Sat May 20 2017 21:00:55 GMT+0530 (India Standard Time)
[debug] <<< HTTP RESPONSE 200
[debug] <<< HTTP RESPONSE 200
[debug] > [functions] runtime config materialized as: {
  "gmail": {
    "password": "Google@1",
    "email": "nnagarajece31@gmail.com"
  },
  "firebase": {
    "databaseURL": "https://lightening-apps.firebaseio.com",
    "storageBucket": "lightening-apps.appspot.com",
    "apiKey": "AIzaSyDhAA6IX7PNvFGEXzbIEZF1oyPX8cWfRXQ",
    "authDomain": "lightening-apps.firebaseapp.com"
  }
}
[info] i  functions: packaged functions (1.29 KB) for uploading
[debug] >>> HTTP REQUEST GET https://www.googleapis.com/storage/v1/b/staging.lightening-apps.appspot.com  
 Sat May 20 2017 21:11:40 GMT+0530 (India Standard Time)
[debug] <<< HTTP RESPONSE 200
[debug] >>> HTTP REQUEST POST https://www.googleapis.com/upload/storage/v1/b/staging.lightening-apps.appspot.com/o?uploadType=media&name=firebase-functions-source ReadStream {
  _readableState: 
   ReadableState {
     objectMode: false,
     highWaterMark: 65536,
     buffer: BufferList { head: [Object], tail: [Object], length: 1 },
     length: 1324,
     pipes: null,
     pipesCount: 0,
     flowing: null,
     ended: true,
     endEmitted: false,
     reading: false,
     sync: false,
     needReadable: false,
     emittedReadable: true,
     readableListening: false,
     resumeScheduled: false,
     defaultEncoding: 'utf8',
     ranOut: false,
     awaitDrain: 0,
     readingMore: false,
     decoder: null,
     encoding: null },
  readable: true,
  domain: null,
  _events: { end: [Function] },
  _eventsCount: 1,
  _maxListeners: undefined,
  path: 'C:\\Users\\NAGARA~1\\AppData\\Local\\Temp\\firebase-functions-4568J2CZidSwXbfg.zip',
  fd: 5,
  flags: 'r',
  mode: 438,
  start: undefined,
  end: undefined,
  autoClose: true,
  pos: undefined,
  bytesRead: 1324 } 
 Sat May 20 2017 21:11:40 GMT+0530 (India Standard Time)
[debug] <<< HTTP RESPONSE 200
[info] +  functions: functions folder uploaded successfully
[info] i  starting release process (may take several minutes)...
[debug] >>> HTTP REQUEST GET https://cloudfunctions.googleapis.com/v1beta2/projects/lightening-apps/locations/us-central1/functions  
 Sat May 20 2017 21:11:41 GMT+0530 (India Standard Time)
[debug] <<< HTTP RESPONSE 200
[info] i  functions: updating function sendEmailConfirmation...
[debug] Trigger is: 
[debug] >>> HTTP REQUEST PUT https://cloudfunctions.googleapis.com/v1beta2/projects/lightening-apps/locations/us-central1/functions/sendEmailConfirmation { sourceArchiveUrl: 'gs://staging.lightening-apps.appspot.com/firebase-functions-source',
  name: 'projects/lightening-apps/locations/us-central1/functions/sendEmailConfirmation',
  entryPoint: 'sendEmailConfirmation',
  timeout: '60s',
  availableMemoryMb: 256,
  eventTrigger: 
   { resource: 'projects/lightening-apps',
     eventType: 'providers/firebase.auth/eventTypes/user.create' } } 
 Sat May 20 2017 21:19:55 GMT+0530 (India Standard Time)
